{
  "0 debug pnpm:scope": {
    "selected": 1
  },
  "1 info pnpm": {
    "err": {
      "name": "Error",
      "message": "not found: o",
      "code": "ENOENT",
      "stack": "Error: not found: o\n    at getNotFoundError (/Users/shentao/.nvm/versions/node/v12.18.3/lib/node_modules/pnpm/dist/pnpm.cjs:41517:51)\n    at Function.whichSync [as sync] (/Users/shentao/.nvm/versions/node/v12.18.3/lib/node_modules/pnpm/dist/pnpm.cjs:41594:13)\n    at getCommandAbsolutePathSync (/Users/shentao/.nvm/versions/node/v12.18.3/lib/node_modules/pnpm/dist/pnpm.cjs:43159:44)\n    at default_1 (/Users/shentao/.nvm/versions/node/v12.18.3/lib/node_modules/pnpm/dist/pnpm.cjs:43168:32)\n    at /Users/shentao/.nvm/versions/node/v12.18.3/lib/node_modules/pnpm/dist/pnpm.cjs:171981:39"
    }
  },
  "2 error pnpm": {
    "code": "ERR_PNPM_RECURSIVE_EXEC_FIRST_FAIL",
    "prefix": "/Users/shentao/Desktop/react-demo2",
    "err": {
      "name": "pnpm",
      "message": "not found: o",
      "code": "ERR_PNPM_RECURSIVE_EXEC_FIRST_FAIL",
      "stack": "Error: not found: o\n    at getNotFoundError (/Users/shentao/.nvm/versions/node/v12.18.3/lib/node_modules/pnpm/dist/pnpm.cjs:41517:51)\n    at Function.whichSync [as sync] (/Users/shentao/.nvm/versions/node/v12.18.3/lib/node_modules/pnpm/dist/pnpm.cjs:41594:13)\n    at getCommandAbsolutePathSync (/Users/shentao/.nvm/versions/node/v12.18.3/lib/node_modules/pnpm/dist/pnpm.cjs:43159:44)\n    at default_1 (/Users/shentao/.nvm/versions/node/v12.18.3/lib/node_modules/pnpm/dist/pnpm.cjs:43168:32)\n    at /Users/shentao/.nvm/versions/node/v12.18.3/lib/node_modules/pnpm/dist/pnpm.cjs:171981:39"
    }
  }
}